<?xml version="1.0" encoding="UTF-8"?>
<!-- Generated by org.testng.reporters.JUnitReportReporter -->
<testsuite skipped="0" hostname="TSS16" name="HRMS_Dropdown" tests="1" failures="0" timestamp="24 Nov 2017 09:21:28 GMT" time="12.361" errors="0">
  <testcase name="empApplyLeave" time="12.361" classname="HRMS_Dropdown"/>
</testsuite> <!-- HRMS_Dropdown -->
